{"C:\\react-projects\\cosmetic-ecommerce\\src\\redux\\actions\\cart\\cartActionGenerators.js": {"path":"C:\\react-projects\\cosmetic-ecommerce\\src\\redux\\actions\\cart\\cartActionGenerators.js","statementMap":{"0":{"start":{"line":3,"column":25},"end":{"line":6,"column":2}},"1":{"start":{"line":3,"column":76},"end":{"line":6,"column":1}},"2":{"start":{"line":8,"column":30},"end":{"line":13,"column":2}},"3":{"start":{"line":8,"column":37},"end":{"line":13,"column":1}},"4":{"start":{"line":15,"column":32},"end":{"line":18,"column":2}},"5":{"start":{"line":15,"column":39},"end":{"line":18,"column":1}},"6":{"start":{"line":20,"column":32},"end":{"line":23,"column":2}},"7":{"start":{"line":20,"column":39},"end":{"line":23,"column":1}}},"fnMap":{"0":{"name":"(anonymous_0)","decl":{"start":{"line":3,"column":25},"end":{"line":3,"column":26}},"loc":{"start":{"line":3,"column":76},"end":{"line":6,"column":1}},"line":3},"1":{"name":"(anonymous_1)","decl":{"start":{"line":8,"column":30},"end":{"line":8,"column":31}},"loc":{"start":{"line":8,"column":37},"end":{"line":13,"column":1}},"line":8},"2":{"name":"(anonymous_2)","decl":{"start":{"line":15,"column":32},"end":{"line":15,"column":33}},"loc":{"start":{"line":15,"column":39},"end":{"line":18,"column":1}},"line":15},"3":{"name":"(anonymous_3)","decl":{"start":{"line":20,"column":32},"end":{"line":20,"column":33}},"loc":{"start":{"line":20,"column":39},"end":{"line":23,"column":1}},"line":20}},"branchMap":{},"s":{"0":2,"1":2,"2":2,"3":2,"4":2,"5":2,"6":2,"7":2},"f":{"0":2,"1":2,"2":2,"3":2},"b":{},"_coverageSchema":"43e27e138ebf9cfc5966b082cf9a028302ed4184","hash":"33c2ad2bba504e538cee4ec4162660886336ff29"}
,"C:\\react-projects\\cosmetic-ecommerce\\src\\redux\\actions\\cart\\cartActionTypes.js": {"path":"C:\\react-projects\\cosmetic-ecommerce\\src\\redux\\actions\\cart\\cartActionTypes.js","statementMap":{"0":{"start":{"line":1,"column":27},"end":{"line":1,"column":40}},"1":{"start":{"line":2,"column":32},"end":{"line":2,"column":50}},"2":{"start":{"line":4,"column":33},"end":{"line":4,"column":52}},"3":{"start":{"line":5,"column":33},"end":{"line":5,"column":52}}},"fnMap":{},"branchMap":{},"s":{"0":3,"1":3,"2":3,"3":3},"f":{},"b":{},"_coverageSchema":"43e27e138ebf9cfc5966b082cf9a028302ed4184","hash":"9b80107698e1072d0f103010ace74e6ed4fde034"}
,"C:\\react-projects\\cosmetic-ecommerce\\src\\redux\\actions\\filters\\filterActionGenerators.js": {"path":"C:\\react-projects\\cosmetic-ecommerce\\src\\redux\\actions\\filters\\filterActionGenerators.js","statementMap":{"0":{"start":{"line":5,"column":24},"end":{"line":8,"column":2}},"1":{"start":{"line":5,"column":41},"end":{"line":8,"column":1}},"2":{"start":{"line":10,"column":26},"end":{"line":13,"column":2}},"3":{"start":{"line":10,"column":45},"end":{"line":13,"column":1}},"4":{"start":{"line":15,"column":27},"end":{"line":18,"column":2}},"5":{"start":{"line":15,"column":43},"end":{"line":18,"column":1}},"6":{"start":{"line":20,"column":27},"end":{"line":23,"column":2}},"7":{"start":{"line":20,"column":45},"end":{"line":23,"column":1}},"8":{"start":{"line":25,"column":27},"end":{"line":28,"column":2}},"9":{"start":{"line":25,"column":34},"end":{"line":28,"column":1}},"10":{"start":{"line":30,"column":29},"end":{"line":33,"column":2}},"11":{"start":{"line":30,"column":36},"end":{"line":33,"column":1}},"12":{"start":{"line":35,"column":30},"end":{"line":38,"column":2}},"13":{"start":{"line":35,"column":37},"end":{"line":38,"column":1}},"14":{"start":{"line":40,"column":30},"end":{"line":43,"column":2}},"15":{"start":{"line":40,"column":37},"end":{"line":43,"column":1}}},"fnMap":{"0":{"name":"(anonymous_0)","decl":{"start":{"line":5,"column":24},"end":{"line":5,"column":25}},"loc":{"start":{"line":5,"column":41},"end":{"line":8,"column":1}},"line":5},"1":{"name":"(anonymous_1)","decl":{"start":{"line":10,"column":26},"end":{"line":10,"column":27}},"loc":{"start":{"line":10,"column":45},"end":{"line":13,"column":1}},"line":10},"2":{"name":"(anonymous_2)","decl":{"start":{"line":15,"column":27},"end":{"line":15,"column":28}},"loc":{"start":{"line":15,"column":43},"end":{"line":18,"column":1}},"line":15},"3":{"name":"(anonymous_3)","decl":{"start":{"line":20,"column":27},"end":{"line":20,"column":28}},"loc":{"start":{"line":20,"column":45},"end":{"line":23,"column":1}},"line":20},"4":{"name":"(anonymous_4)","decl":{"start":{"line":25,"column":27},"end":{"line":25,"column":28}},"loc":{"start":{"line":25,"column":34},"end":{"line":28,"column":1}},"line":25},"5":{"name":"(anonymous_5)","decl":{"start":{"line":30,"column":29},"end":{"line":30,"column":30}},"loc":{"start":{"line":30,"column":36},"end":{"line":33,"column":1}},"line":30},"6":{"name":"(anonymous_6)","decl":{"start":{"line":35,"column":30},"end":{"line":35,"column":31}},"loc":{"start":{"line":35,"column":37},"end":{"line":38,"column":1}},"line":35},"7":{"name":"(anonymous_7)","decl":{"start":{"line":40,"column":30},"end":{"line":40,"column":31}},"loc":{"start":{"line":40,"column":37},"end":{"line":43,"column":1}},"line":40}},"branchMap":{"0":{"loc":{"start":{"line":5,"column":25},"end":{"line":5,"column":35}},"type":"default-arg","locations":[{"start":{"line":5,"column":33},"end":{"line":5,"column":35}}],"line":5},"1":{"loc":{"start":{"line":10,"column":27},"end":{"line":10,"column":39}},"type":"default-arg","locations":[{"start":{"line":10,"column":37},"end":{"line":10,"column":39}}],"line":10},"2":{"loc":{"start":{"line":15,"column":28},"end":{"line":15,"column":37}},"type":"default-arg","locations":[{"start":{"line":15,"column":36},"end":{"line":15,"column":37}}],"line":15},"3":{"loc":{"start":{"line":20,"column":28},"end":{"line":20,"column":39}},"type":"default-arg","locations":[{"start":{"line":20,"column":36},"end":{"line":20,"column":39}}],"line":20}},"s":{"0":2,"1":2,"2":2,"3":2,"4":2,"5":2,"6":2,"7":2,"8":2,"9":2,"10":2,"11":2,"12":2,"13":2,"14":2,"15":2},"f":{"0":2,"1":2,"2":2,"3":2,"4":2,"5":2,"6":2,"7":2},"b":{"0":[0],"1":[0],"2":[0],"3":[0]},"_coverageSchema":"43e27e138ebf9cfc5966b082cf9a028302ed4184","hash":"cdaacd723235951c086b6cf6383d2e40e6f00985"}
,"C:\\react-projects\\cosmetic-ecommerce\\src\\redux\\actions\\filters\\filterActionTypes.js": {"path":"C:\\react-projects\\cosmetic-ecommerce\\src\\redux\\actions\\filters\\filterActionTypes.js","statementMap":{"0":{"start":{"line":1,"column":25},"end":{"line":1,"column":36}},"1":{"start":{"line":2,"column":27},"end":{"line":2,"column":40}},"2":{"start":{"line":4,"column":29},"end":{"line":4,"column":44}},"3":{"start":{"line":5,"column":29},"end":{"line":5,"column":44}},"4":{"start":{"line":7,"column":28},"end":{"line":7,"column":42}},"5":{"start":{"line":8,"column":30},"end":{"line":8,"column":46}},"6":{"start":{"line":9,"column":32},"end":{"line":9,"column":50}},"7":{"start":{"line":10,"column":32},"end":{"line":10,"column":50}}},"fnMap":{},"branchMap":{},"s":{"0":3,"1":3,"2":3,"3":3,"4":3,"5":3,"6":3,"7":3},"f":{},"b":{},"_coverageSchema":"43e27e138ebf9cfc5966b082cf9a028302ed4184","hash":"ec0f5fc5f5a008ab1f646a200ac582f0b7b8d9c2"}
,"C:\\react-projects\\cosmetic-ecommerce\\src\\redux\\reducers\\cartReducer.js": {"path":"C:\\react-projects\\cosmetic-ecommerce\\src\\redux\\reducers\\cartReducer.js","statementMap":{"0":{"start":{"line":6,"column":17},"end":{"line":6,"column":32}},"1":{"start":{"line":8,"column":4},"end":{"line":39,"column":5}},"2":{"start":{"line":9,"column":8},"end":{"line":13,"column":10}},"3":{"start":{"line":10,"column":12},"end":{"line":12,"column":13}},"4":{"start":{"line":11,"column":16},"end":{"line":11,"column":58}},"5":{"start":{"line":16,"column":9},"end":{"line":39,"column":5}},"6":{"start":{"line":17,"column":8},"end":{"line":26,"column":10}},"7":{"start":{"line":18,"column":12},"end":{"line":25,"column":13}},"8":{"start":{"line":19,"column":16},"end":{"line":24,"column":17}},"9":{"start":{"line":20,"column":20},"end":{"line":20,"column":38}},"10":{"start":{"line":21,"column":20},"end":{"line":21,"column":85}},"11":{"start":{"line":29,"column":9},"end":{"line":39,"column":5}},"12":{"start":{"line":30,"column":8},"end":{"line":38,"column":10}},"13":{"start":{"line":31,"column":12},"end":{"line":37,"column":13}},"14":{"start":{"line":32,"column":16},"end":{"line":36,"column":17}},"15":{"start":{"line":33,"column":20},"end":{"line":33,"column":38}},"16":{"start":{"line":34,"column":20},"end":{"line":34,"column":85}},"17":{"start":{"line":41,"column":4},"end":{"line":41,"column":17}},"18":{"start":{"line":45,"column":4},"end":{"line":62,"column":5}},"19":{"start":{"line":47,"column":12},"end":{"line":49,"column":106}},"20":{"start":{"line":52,"column":12},"end":{"line":52,"column":66}},"21":{"start":{"line":55,"column":12},"end":{"line":55,"column":68}},"22":{"start":{"line":58,"column":12},"end":{"line":58,"column":68}},"23":{"start":{"line":61,"column":12},"end":{"line":61,"column":24}}},"fnMap":{"0":{"name":"mapperState","decl":{"start":{"line":5,"column":16},"end":{"line":5,"column":27}},"loc":{"start":{"line":5,"column":55},"end":{"line":42,"column":1}},"line":5},"1":{"name":"(anonymous_1)","decl":{"start":{"line":9,"column":19},"end":{"line":9,"column":20}},"loc":{"start":{"line":9,"column":27},"end":{"line":13,"column":9}},"line":9},"2":{"name":"(anonymous_2)","decl":{"start":{"line":17,"column":19},"end":{"line":17,"column":20}},"loc":{"start":{"line":17,"column":30},"end":{"line":26,"column":9}},"line":17},"3":{"name":"(anonymous_3)","decl":{"start":{"line":30,"column":19},"end":{"line":30,"column":20}},"loc":{"start":{"line":30,"column":30},"end":{"line":38,"column":9}},"line":30},"4":{"name":"productReducer","decl":{"start":{"line":44,"column":9},"end":{"line":44,"column":23}},"loc":{"start":{"line":44,"column":68},"end":{"line":63,"column":1}},"line":44}},"branchMap":{"0":{"loc":{"start":{"line":8,"column":4},"end":{"line":39,"column":5}},"type":"if","locations":[{"start":{"line":8,"column":4},"end":{"line":39,"column":5}},{"start":{"line":8,"column":4},"end":{"line":39,"column":5}}],"line":8},"1":{"loc":{"start":{"line":10,"column":12},"end":{"line":12,"column":13}},"type":"if","locations":[{"start":{"line":10,"column":12},"end":{"line":12,"column":13}},{"start":{"line":10,"column":12},"end":{"line":12,"column":13}}],"line":10},"2":{"loc":{"start":{"line":16,"column":9},"end":{"line":39,"column":5}},"type":"if","locations":[{"start":{"line":16,"column":9},"end":{"line":39,"column":5}},{"start":{"line":16,"column":9},"end":{"line":39,"column":5}}],"line":16},"3":{"loc":{"start":{"line":18,"column":12},"end":{"line":25,"column":13}},"type":"if","locations":[{"start":{"line":18,"column":12},"end":{"line":25,"column":13}},{"start":{"line":18,"column":12},"end":{"line":25,"column":13}}],"line":18},"4":{"loc":{"start":{"line":19,"column":16},"end":{"line":24,"column":17}},"type":"if","locations":[{"start":{"line":19,"column":16},"end":{"line":24,"column":17}},{"start":{"line":19,"column":16},"end":{"line":24,"column":17}}],"line":19},"5":{"loc":{"start":{"line":29,"column":9},"end":{"line":39,"column":5}},"type":"if","locations":[{"start":{"line":29,"column":9},"end":{"line":39,"column":5}},{"start":{"line":29,"column":9},"end":{"line":39,"column":5}}],"line":29},"6":{"loc":{"start":{"line":31,"column":12},"end":{"line":37,"column":13}},"type":"if","locations":[{"start":{"line":31,"column":12},"end":{"line":37,"column":13}},{"start":{"line":31,"column":12},"end":{"line":37,"column":13}}],"line":31},"7":{"loc":{"start":{"line":32,"column":16},"end":{"line":36,"column":17}},"type":"if","locations":[{"start":{"line":32,"column":16},"end":{"line":36,"column":17}},{"start":{"line":32,"column":16},"end":{"line":36,"column":17}}],"line":32},"8":{"loc":{"start":{"line":44,"column":24},"end":{"line":44,"column":58}},"type":"default-arg","locations":[{"start":{"line":44,"column":32},"end":{"line":44,"column":58}}],"line":44},"9":{"loc":{"start":{"line":45,"column":4},"end":{"line":62,"column":5}},"type":"switch","locations":[{"start":{"line":46,"column":8},"end":{"line":49,"column":106}},{"start":{"line":51,"column":8},"end":{"line":52,"column":66}},{"start":{"line":54,"column":8},"end":{"line":55,"column":68}},{"start":{"line":57,"column":8},"end":{"line":58,"column":68}},{"start":{"line":60,"column":8},"end":{"line":61,"column":24}}],"line":45}},"s":{"0":3,"1":3,"2":1,"3":1,"4":1,"5":2,"6":1,"7":2,"8":1,"9":1,"10":1,"11":1,"12":1,"13":2,"14":1,"15":1,"16":1,"17":3,"18":4,"19":1,"20":1,"21":1,"22":1,"23":0},"f":{"0":3,"1":1,"2":2,"3":2,"4":4},"b":{"0":[1,2],"1":[1,0],"2":[1,1],"3":[1,1],"4":[1,0],"5":[1,0],"6":[1,1],"7":[1,0],"8":[0],"9":[1,1,1,1,0]},"_coverageSchema":"43e27e138ebf9cfc5966b082cf9a028302ed4184","hash":"46ddea564704037be9d8b6dec62b5cb4cb6255a4"}
,"C:\\react-projects\\cosmetic-ecommerce\\src\\redux\\reducers\\filterReducer.js": {"path":"C:\\react-projects\\cosmetic-ecommerce\\src\\redux\\reducers\\filterReducer.js","statementMap":{"0":{"start":{"line":7,"column":4},"end":{"line":26,"column":5}},"1":{"start":{"line":9,"column":12},"end":{"line":9,"column":61}},"2":{"start":{"line":11,"column":12},"end":{"line":11,"column":66}},"3":{"start":{"line":13,"column":12},"end":{"line":13,"column":64}},"4":{"start":{"line":15,"column":12},"end":{"line":15,"column":64}},"5":{"start":{"line":17,"column":12},"end":{"line":17,"column":60}},"6":{"start":{"line":19,"column":12},"end":{"line":19,"column":64}},"7":{"start":{"line":21,"column":12},"end":{"line":21,"column":63}},"8":{"start":{"line":23,"column":12},"end":{"line":23,"column":63}},"9":{"start":{"line":25,"column":12},"end":{"line":25,"column":24}}},"fnMap":{"0":{"name":"filterReducer","decl":{"start":{"line":6,"column":24},"end":{"line":6,"column":37}},"loc":{"start":{"line":6,"column":76},"end":{"line":27,"column":1}},"line":6}},"branchMap":{"0":{"loc":{"start":{"line":6,"column":38},"end":{"line":6,"column":66}},"type":"default-arg","locations":[{"start":{"line":6,"column":46},"end":{"line":6,"column":66}}],"line":6},"1":{"loc":{"start":{"line":7,"column":4},"end":{"line":26,"column":5}},"type":"switch","locations":[{"start":{"line":8,"column":8},"end":{"line":9,"column":61}},{"start":{"line":10,"column":8},"end":{"line":11,"column":66}},{"start":{"line":12,"column":8},"end":{"line":13,"column":64}},{"start":{"line":14,"column":8},"end":{"line":15,"column":64}},{"start":{"line":16,"column":8},"end":{"line":17,"column":60}},{"start":{"line":18,"column":8},"end":{"line":19,"column":64}},{"start":{"line":20,"column":8},"end":{"line":21,"column":63}},{"start":{"line":22,"column":8},"end":{"line":23,"column":63}},{"start":{"line":24,"column":8},"end":{"line":25,"column":24}}],"line":7}},"s":{"0":8,"1":1,"2":1,"3":1,"4":1,"5":1,"6":1,"7":1,"8":1,"9":0},"f":{"0":8},"b":{"0":[0],"1":[1,1,1,1,1,1,1,1,0]},"_coverageSchema":"43e27e138ebf9cfc5966b082cf9a028302ed4184","hash":"efdd42e7edcc8554037d714364362d7a199ba183"}
,"C:\\react-projects\\cosmetic-ecommerce\\src\\redux\\reducers\\index.js": {"path":"C:\\react-projects\\cosmetic-ecommerce\\src\\redux\\reducers\\index.js","statementMap":{},"fnMap":{},"branchMap":{},"s":{},"f":{},"b":{},"_coverageSchema":"43e27e138ebf9cfc5966b082cf9a028302ed4184","hash":"981379a480d070de2e8093dd498ae000f6b3ca1f"}
,"C:\\react-projects\\cosmetic-ecommerce\\src\\redux\\reducers\\initialState.js": {"path":"C:\\react-projects\\cosmetic-ecommerce\\src\\redux\\reducers\\initialState.js","statementMap":{"0":{"start":{"line":1,"column":21},"end":{"line":15,"column":1}}},"fnMap":{},"branchMap":{},"s":{"0":2},"f":{},"b":{},"_coverageSchema":"43e27e138ebf9cfc5966b082cf9a028302ed4184","hash":"251817838b09d69bb3e70c8b338337a22d26062d"}
,"C:\\react-projects\\cosmetic-ecommerce\\src\\test_files\\dummyTestData.js": {"path":"C:\\react-projects\\cosmetic-ecommerce\\src\\test_files\\dummyTestData.js","statementMap":{"0":{"start":{"line":1,"column":29},"end":{"line":8,"column":1}},"1":{"start":{"line":10,"column":31},"end":{"line":15,"column":1}},"2":{"start":{"line":17,"column":36},"end":{"line":34,"column":1}}},"fnMap":{},"branchMap":{},"s":{"0":4,"1":4,"2":4},"f":{},"b":{},"_coverageSchema":"43e27e138ebf9cfc5966b082cf9a028302ed4184","hash":"6c8d0e930589210a37a9e78db62afe7506c81cd8"}
}
