TN:
SF:C:\react-projects\cosmetic-ecommerce\src\redux\actions\cart\cartActionGenerators.js
FN:3,(anonymous_0)
FN:8,(anonymous_1)
FN:15,(anonymous_2)
FN:20,(anonymous_3)
FNF:4
FNH:4
FNDA:2,(anonymous_0)
FNDA:2,(anonymous_1)
FNDA:2,(anonymous_2)
FNDA:2,(anonymous_3)
DA:3,2
DA:8,2
DA:15,2
DA:20,2
LF:4
LH:4
BRF:0
BRH:0
end_of_record
TN:
SF:C:\react-projects\cosmetic-ecommerce\src\redux\actions\cart\cartActionTypes.js
FNF:0
FNH:0
DA:1,3
DA:2,3
DA:4,3
DA:5,3
LF:4
LH:4
BRF:0
BRH:0
end_of_record
TN:
SF:C:\react-projects\cosmetic-ecommerce\src\redux\actions\filters\filterActionGenerators.js
FN:5,(anonymous_0)
FN:10,(anonymous_1)
FN:15,(anonymous_2)
FN:20,(anonymous_3)
FN:25,(anonymous_4)
FN:30,(anonymous_5)
FN:35,(anonymous_6)
FN:40,(anonymous_7)
FNF:8
FNH:8
FNDA:2,(anonymous_0)
FNDA:2,(anonymous_1)
FNDA:2,(anonymous_2)
FNDA:2,(anonymous_3)
FNDA:2,(anonymous_4)
FNDA:2,(anonymous_5)
FNDA:2,(anonymous_6)
FNDA:2,(anonymous_7)
DA:5,2
DA:10,2
DA:15,2
DA:20,2
DA:25,2
DA:30,2
DA:35,2
DA:40,2
LF:8
LH:8
BRDA:5,0,0,0
BRDA:10,1,0,0
BRDA:15,2,0,0
BRDA:20,3,0,0
BRF:4
BRH:0
end_of_record
TN:
SF:C:\react-projects\cosmetic-ecommerce\src\redux\actions\filters\filterActionTypes.js
FNF:0
FNH:0
DA:1,3
DA:2,3
DA:4,3
DA:5,3
DA:7,3
DA:8,3
DA:9,3
DA:10,3
LF:8
LH:8
BRF:0
BRH:0
end_of_record
TN:
SF:C:\react-projects\cosmetic-ecommerce\src\redux\reducers\cartReducer.js
FN:5,mapperState
FN:9,(anonymous_1)
FN:17,(anonymous_2)
FN:30,(anonymous_3)
FN:44,productReducer
FNF:5
FNH:5
FNDA:3,mapperState
FNDA:1,(anonymous_1)
FNDA:2,(anonymous_2)
FNDA:2,(anonymous_3)
FNDA:4,productReducer
DA:6,3
DA:8,3
DA:9,1
DA:10,1
DA:11,1
DA:16,2
DA:17,1
DA:18,2
DA:19,1
DA:20,1
DA:21,1
DA:29,1
DA:30,1
DA:31,2
DA:32,1
DA:33,1
DA:34,1
DA:41,3
DA:45,4
DA:47,1
DA:52,1
DA:55,1
DA:58,1
DA:61,0
LF:24
LH:23
BRDA:8,0,0,1
BRDA:8,0,1,2
BRDA:10,1,0,1
BRDA:10,1,1,0
BRDA:16,2,0,1
BRDA:16,2,1,1
BRDA:18,3,0,1
BRDA:18,3,1,1
BRDA:19,4,0,1
BRDA:19,4,1,0
BRDA:29,5,0,1
BRDA:29,5,1,0
BRDA:31,6,0,1
BRDA:31,6,1,1
BRDA:32,7,0,1
BRDA:32,7,1,0
BRDA:44,8,0,0
BRDA:45,9,0,1
BRDA:45,9,1,1
BRDA:45,9,2,1
BRDA:45,9,3,1
BRDA:45,9,4,0
BRF:22
BRH:16
end_of_record
TN:
SF:C:\react-projects\cosmetic-ecommerce\src\redux\reducers\filterReducer.js
FN:6,filterReducer
FNF:1
FNH:1
FNDA:8,filterReducer
DA:7,8
DA:9,1
DA:11,1
DA:13,1
DA:15,1
DA:17,1
DA:19,1
DA:21,1
DA:23,1
DA:25,0
LF:10
LH:9
BRDA:6,0,0,0
BRDA:7,1,0,1
BRDA:7,1,1,1
BRDA:7,1,2,1
BRDA:7,1,3,1
BRDA:7,1,4,1
BRDA:7,1,5,1
BRDA:7,1,6,1
BRDA:7,1,7,1
BRDA:7,1,8,0
BRF:10
BRH:8
end_of_record
TN:
SF:C:\react-projects\cosmetic-ecommerce\src\redux\reducers\index.js
FNF:0
FNH:0
LF:0
LH:0
BRF:0
BRH:0
end_of_record
TN:
SF:C:\react-projects\cosmetic-ecommerce\src\redux\reducers\initialState.js
FNF:0
FNH:0
DA:1,2
LF:1
LH:1
BRF:0
BRH:0
end_of_record
TN:
SF:C:\react-projects\cosmetic-ecommerce\src\test_files\dummyTestData.js
FNF:0
FNH:0
DA:1,4
DA:10,4
DA:17,4
LF:3
LH:3
BRF:0
BRH:0
end_of_record
